<?xml version="1.0" encoding="UTF-8"?>
<!-- Generated by org.testng.reporters.JUnitReportReporter -->
<testsuite hostname="IN3261049W1" failures="0" tests="2" name="com.learnautomation.testcases.LoginTest" time="7.561" errors="0" timestamp="2022-08-12T10:24:11 IST" skipped="0">
  <testcase classname="com.learnautomation.testcases.LoginTest" name="loginApp" time="6.080"/>
  <system-out/>
  <testcase classname="com.learnautomation.testcases.LoginTest" name="logoutTest" time="1.481"/>
  <system-out/>
</testsuite> <!-- com.learnautomation.testcases.LoginTest -->
