<?xml version="1.0" encoding="UTF-8"?>
<!-- Generated by org.testng.reporters.JUnitReportReporter -->
<testsuite skipped="0" hostname="DESKTOP-RT1RM8J" name="com.learnautomation.testcases.LoginTest" tests="2" failures="0" timestamp="2022-04-24T10:01:01 IST" time="16.942" errors="0">
  <testcase name="loginApp" time="15.193" classname="com.learnautomation.testcases.LoginTest"/>
  <system-out/>
  <testcase name="logoutTest" time="1.749" classname="com.learnautomation.testcases.LoginTest"/>
  <system-out/>
</testsuite> <!-- com.learnautomation.testcases.LoginTest -->
