<?xml version="1.0" encoding="UTF-8"?>
<!-- Generated by org.testng.reporters.JUnitReportReporter -->
<testsuite skipped="0" hostname="DESKTOP-RT1RM8J" name="com.learnautomation.testcases.LoginTest" tests="2" failures="0" timestamp="2022-04-03T09:37:19 IST" time="8.600" errors="0">
  <testcase name="loginApp" time="7.130" classname="com.learnautomation.testcases.LoginTest"/>
  <system-out/>
  <testcase name="logoutTest" time="1.470" classname="com.learnautomation.testcases.LoginTest"/>
  <system-out/>
</testsuite> <!-- com.learnautomation.testcases.LoginTest -->
